<?xml version="1.0" encoding="UTF-8"?>
<testsuite xmlns:xsi="http://www.w3.org/2001/XMLSchema-instance" xsi:noNamespaceSchemaLocation="https://maven.apache.org/surefire/maven-surefire-plugin/xsd/surefire-test-report-3.0.xsd" version="3.0" name="com.github.juanfranciscofernandezherreros.library.openapi.autoconfigure.OpenApiAutoConfigurationTest" time="0.362" tests="3" errors="0" skipped="0" failures="0">
  <properties>
[...]
</properties>
  <testcase name="customServiceBeanNotOverridden" classname="com.github.juanfranciscofernandezherreros.library.openapi.autoconfigure.OpenApiAutoConfigurationTest" time="0.264">
    <system-out><![CDATA[Standard Commons Logging discovery in action with spring-jcl: please remove commons-logging.jar from classpath in order to avoid potential conflicts
]]></system-out>
  </testcase>
  <testcase name="serviceAndRunnerBeansPresentWhenEnabledAndSpecPathSet" classname="com.github.juanfranciscofernandezherreros.library.openapi.autoconfigure.OpenApiAutoConfigurationTest" time="0.017"/>
  <testcase name="noBeansWhenDisabled" classname="com.github.juanfranciscofernandezherreros.library.openapi.autoconfigure.OpenApiAutoConfigurationTest" time="0.005"/>
</testsuite>