<?xml version="1.0" encoding="UTF-8"?>
<testsuite xmlns:xsi="http://www.w3.org/2001/XMLSchema-instance" xsi:noNamespaceSchemaLocation="https://maven.apache.org/surefire/maven-surefire-plugin/xsd/surefire-test-report-3.0.xsd" version="3.0" name="com.github.juanfranciscofernandezherreros.library.kafka.producer.LibraryKafkaProducerTest" time="0.036" tests="3" errors="0" skipped="0" failures="0">
  <properties>
[...]
</properties>
  <testcase name="sendsKeyedMessageToDefaultTopic" classname="com.github.juanfranciscofernandezherreros.library.kafka.producer.LibraryKafkaProducerTest" time="0.026"/>
  <testcase name="sendsToDefaultTopicWhenNoTopicProvided" classname="com.github.juanfranciscofernandezherreros.library.kafka.producer.LibraryKafkaProducerTest" time="0.003"/>
  <testcase name="sendsKeyedMessageToExplicitTopic" classname="com.github.juanfranciscofernandezherreros.library.kafka.producer.LibraryKafkaProducerTest" time="0.003"/>
</testsuite>